c:\users\gaspe\source\repos\cppclr_winformsprojekt1\cppclr_winformsprojekt1\x64\release\cppclr_winformsprojekt1.pch
c:\users\gaspe\source\repos\cppclr_winformsprojekt1\cppclr_winformsprojekt1\x64\release\vc142.pdb
c:\users\gaspe\source\repos\cppclr_winformsprojekt1\cppclr_winformsprojekt1\x64\release\pch.obj
c:\users\gaspe\source\repos\cppclr_winformsprojekt1\cppclr_winformsprojekt1\x64\release\form1.obj
c:\users\gaspe\source\repos\cppclr_winformsprojekt1\cppclr_winformsprojekt1\x64\release\cppclr_winformsprojekt.obj
c:\users\gaspe\source\repos\cppclr_winformsprojekt1\cppclr_winformsprojekt1\x64\release\assemblyinfo.obj
c:\users\gaspe\source\repos\cppclr_winformsprojekt1\cppclr_winformsprojekt1\x64\release\.netframework,version=v4.7.2.assemblyattributes.obj
c:\users\gaspe\source\repos\cppclr_winformsprojekt1\cppclr_winformsprojekt1\x64\release\cppclr_winformsprojekt1.form1.resources
c:\users\gaspe\source\repos\cppclr_winformsprojekt1\x64\release\cppclr_winformsprojekt1.exe
c:\users\gaspe\source\repos\cppclr_winformsprojekt1\x64\release\cppclr_winformsprojekt1.pdb
c:\users\gaspe\source\repos\cppclr_winformsprojekt1\cppclr_winformsprojekt1\x64\release\app.res
c:\users\gaspe\source\repos\cppclr_winformsprojekt1\cppclr_winformsprojekt1\x64\release\cppclr_w.2352cb2c.tlog\cl.command.1.tlog
c:\users\gaspe\source\repos\cppclr_winformsprojekt1\cppclr_winformsprojekt1\x64\release\cppclr_w.2352cb2c.tlog\cl.read.1.tlog
c:\users\gaspe\source\repos\cppclr_winformsprojekt1\cppclr_winformsprojekt1\x64\release\cppclr_w.2352cb2c.tlog\cl.write.1.tlog
c:\users\gaspe\source\repos\cppclr_winformsprojekt1\cppclr_winformsprojekt1\x64\release\cppclr_w.2352cb2c.tlog\cppclr_winformsprojekt1.write.1u.tlog
c:\users\gaspe\source\repos\cppclr_winformsprojekt1\cppclr_winformsprojekt1\x64\release\cppclr_w.2352cb2c.tlog\link.command.1.tlog
c:\users\gaspe\source\repos\cppclr_winformsprojekt1\cppclr_winformsprojekt1\x64\release\cppclr_w.2352cb2c.tlog\link.read.1.tlog
c:\users\gaspe\source\repos\cppclr_winformsprojekt1\cppclr_winformsprojekt1\x64\release\cppclr_w.2352cb2c.tlog\link.write.1.tlog
c:\users\gaspe\source\repos\cppclr_winformsprojekt1\cppclr_winformsprojekt1\x64\release\cppclr_w.2352cb2c.tlog\metagen.read.1.tlog
c:\users\gaspe\source\repos\cppclr_winformsprojekt1\cppclr_winformsprojekt1\x64\release\cppclr_w.2352cb2c.tlog\metagen.write.1.tlog
c:\users\gaspe\source\repos\cppclr_winformsprojekt1\cppclr_winformsprojekt1\x64\release\cppclr_w.2352cb2c.tlog\rc.command.1.tlog
c:\users\gaspe\source\repos\cppclr_winformsprojekt1\cppclr_winformsprojekt1\x64\release\cppclr_w.2352cb2c.tlog\rc.read.1.tlog
c:\users\gaspe\source\repos\cppclr_winformsprojekt1\cppclr_winformsprojekt1\x64\release\cppclr_w.2352cb2c.tlog\rc.write.1.tlog
